Added Component: Designator=C1(0805C-TBD)
Added Component: Designator=C2(0805C-TBD)
Added Component: Designator=C3(WCAP-CSGP_0603, 1.6x0.8x0.8mm_Reflow)
Added Component: Designator=C4(WCAP-CSGP_0603, 1.6x0.8x0.8mm_Reflow)
Added Component: Designator=C5(D)
Added Component: Designator=C6(D)
Added Component: Designator=C7(WCAP-CSGP_0603, 1.6x0.8x0.8mm_Reflow)
Added Component: Designator=C8(WCAP-CSGP_0603, 1.6x0.8x0.8mm_Reflow)
Added Component: Designator=C9(D)
Added Component: Designator=C10(D)
Added Component: Designator=C11(D)
Added Component: Designator=C12(WCAP-CSGP_0603, 1.6x0.8x0.8mm_Reflow)
Added Component: Designator=C13(WCAP-CSGP_0603, 1.6x0.8x0.8mm_Reflow)
Added Component: Designator=C14(WCAP-CSGP_0603, 1.6x0.8x0.8mm_Reflow)
Added Component: Designator=C15(WCAP-CSGP_0603, 1.6x0.8x0.8mm_Reflow)
Added Component: Designator=C16(WCAP-CSGP_0603, 1.6x0.8x0.8mm_Reflow)
Added Component: Designator=C17(WCAP-CSGP_0603, 1.6x0.8x0.8mm_Reflow)
Added Component: Designator=C18(WCAP-CSGP_0603, 1.6x0.8x0.8mm_Reflow)
Added Component: Designator=C19(WCAP-CSGP_0603, 1.6x0.8x0.8mm_Reflow)
Added Component: Designator=C20(D)
Added Component: Designator=C21(WCAP-CSGP_0603, 1.6x0.8x0.8mm_Reflow)
Added Component: Designator=C22(WCAP-CSGP_0603, 1.6x0.8x0.8mm_Reflow)
Added Component: Designator=C23(D)
Added Component: Designator=C24(D)
Added Component: Designator=C25(WCAP-CSGP_0603, 1.6x0.8x0.8mm_Reflow)
Added Component: Designator=C26(WCAP-CSGP_0603, 1.6x0.8x0.8mm_Reflow)
Added Component: Designator=C27(WCAP-CSGP_0603, 1.6x0.8x0.8mm_Reflow)
Added Component: Designator=C28(WCAP-CSGP_0603, 1.6x0.8x0.8mm_Reflow)
Added Component: Designator=C29(WCAP-CSGP_0603, 1.6x0.8x0.8mm_Reflow)
Added Component: Designator=C30(D)
Added Component: Designator=C31(WCAP-CSGP_0603, 1.6x0.8x0.8mm_Reflow)
Added Component: Designator=C32(WCAP-CSGP_0603, 1.6x0.8x0.8mm_Reflow)
Added Component: Designator=C33(WCAP-CSGP_0603, 1.6x0.8x0.8mm_Reflow)
Added Component: Designator=C34(WCAP-CSGP_0603, 1.6x0.8x0.8mm_Reflow)
Added Component: Designator=C35(WCAP-CSGP_0603, 1.6x0.8x0.8mm_Reflow)
Added Component: Designator=C36(WCAP-CSGP_0603, 1.6x0.8x0.8mm_Reflow)
Added Component: Designator=C37(WCAP-CSGP_0603, 1.6x0.8x0.8mm_Reflow)
Added Component: Designator=C38(WCAP-CSGP_0603, 1.6x0.8x0.8mm_Reflow)
Added Component: Designator=C39(WCAP-CSGP_0603, 1.6x0.8x0.8mm_Reflow)
Added Component: Designator=C40(WCAP-CSGP_0603, 1.6x0.8x0.8mm_Reflow)
Added Component: Designator=C41(WCAP-CSGP_0603, 1.6x0.8x0.8mm_Reflow)
Added Component: Designator=C42(WCAP-CSGP_0603, 1.6x0.8x0.8mm_Reflow)
Added Component: Designator=C43(WCAP-CSGP_0603, 1.6x0.8x0.8mm_Reflow)
Added Component: Designator=D1(DO-214AC)
Added Component: Designator=D2(WL-SMCW_0805)
Added Component: Designator=D3(WL-SMCW_0805)
Added Component: Designator=D4(DO-41)
Added Component: Designator=D5(WL-SMCW_0805)
Added Component: Designator=D6(WL-SMCW_0805)
Added Component: Designator=D7(WL-SMCW_0805)
Added Component: Designator=J1(ST-3150-5N)
Added Component: Designator=J2(651305142821)
Added Component: Designator=J3(694102303002)
Added Component: Designator=J4(693063010911)
Added Component: Designator=L1(TAIYO-NLS5012-GENERIC)
Added Component: Designator=P1(HDR2X13)
Added Component: Designator=P2(HDR1X5)
Added Component: Designator=R1(3-0603)
Added Component: Designator=R2(3-0603)
Added Component: Designator=R3(3-0603)
Added Component: Designator=R4(3-0603)
Added Component: Designator=R5(3-0603)
Added Component: Designator=R6(3-0603)
Added Component: Designator=R7(3-0603)
Added Component: Designator=R8(3-0603)
Added Component: Designator=R9(3-0603)
Added Component: Designator=R10(3-0603)
Added Component: Designator=R11(3-0603)
Added Component: Designator=R12(3-0603)
Added Component: Designator=R13(3-0603)
Added Component: Designator=R14(3-0603)
Added Component: Designator=R15(3-0603)
Added Component: Designator=R16(3-0603)
Added Component: Designator=R17(3-0603)
Added Component: Designator=R18(3-0603)
Added Component: Designator=R19(3-0603)
Added Component: Designator=R20(3-0603)
Added Component: Designator=R21(3-0603)
Added Component: Designator=R22(3-0603)
Added Component: Designator=R23(3-0603)
Added Component: Designator=R24(3-0603)
Added Component: Designator=R25(3-0603)
Added Component: Designator=R26(3-0603)
Added Component: Designator=R27(3-0603)
Added Component: Designator=R28(3-0603)
Added Component: Designator=R29(3-0603)
Added Component: Designator=R30(3-0603)
Added Component: Designator=R31(3-0603)
Added Component: Designator=SW1(SW-PB-SMD)
Added Component: Designator=SW2(SW-PB-SMD)
Added Component: Designator=TP1(TESTPIN)
Added Component: Designator=TP2(TESTPIN)
Added Component: Designator=TP3(TESTPIN)
Added Component: Designator=TP4(TESTPIN)
Added Component: Designator=TP5(TESTPIN)
Added Component: Designator=TP6(TESTPIN)
Added Component: Designator=TP7(TESTPIN)
Added Component: Designator=TP8(TESTPIN)
Added Component: Designator=U1(QFN-28L)
Added Component: Designator=U2(LCC42)
Added Component: Designator=U4(LCC28)
Added Component: Designator=U5(MP04A_N)
Added Component: Designator=U6(MP04A_N)
Added Component: Designator=U7(MCHP-TQFP-PF100_N)
Added Component: Designator=U8(MICT-SF-16_N)
Added Component: Designator=U9(MICT-SF-16_N)
Added Component: Designator=XT1(CRISTAL)
Added Component: Designator=Y1(HC-49U)
Added Component: Designator=Y2(R38)
Added Pin To Net: NetName=+3.3 Pin=C1-1
Added Pin To Net: NetName=+3.3 Pin=C7-2
Added Pin To Net: NetName=+3.3 Pin=C8-2
Added Pin To Net: NetName=+3.3 Pin=C15-1
Added Pin To Net: NetName=+3.3 Pin=C16-2
Added Pin To Net: NetName=+3.3 Pin=C19-1
Added Pin To Net: NetName=+3.3 Pin=C20-1
Added Pin To Net: NetName=+3.3 Pin=C22-2
Added Pin To Net: NetName=+3.3 Pin=C41-1
Added Pin To Net: NetName=+3.3 Pin=C42-1
Added Pin To Net: NetName=+3.3 Pin=C43-2
Added Pin To Net: NetName=+3.3 Pin=J4-4
Added Pin To Net: NetName=+3.3 Pin=L1-1
Added Pin To Net: NetName=+3.3 Pin=P1-1
Added Pin To Net: NetName=+3.3 Pin=R3-2
Added Pin To Net: NetName=+3.3 Pin=R4-2
Added Pin To Net: NetName=+3.3 Pin=R5-1
Added Pin To Net: NetName=+3.3 Pin=R8-1
Added Pin To Net: NetName=+3.3 Pin=R13-2
Added Pin To Net: NetName=+3.3 Pin=R14-2
Added Pin To Net: NetName=+3.3 Pin=R28-2
Added Pin To Net: NetName=+3.3 Pin=R29-2
Added Pin To Net: NetName=+3.3 Pin=R30-2
Added Pin To Net: NetName=+3.3 Pin=R31-2
Added Pin To Net: NetName=+3.3 Pin=U1-2
Added Pin To Net: NetName=+3.3 Pin=U1-3
Added Pin To Net: NetName=+3.3 Pin=U1-16
Added Pin To Net: NetName=+3.3 Pin=U1-17
Added Pin To Net: NetName=+3.3 Pin=U2-12
Added Pin To Net: NetName=+3.3 Pin=U4-8
Added Pin To Net: NetName=+3.3 Pin=U5-2
Added Pin To Net: NetName=+3.3 Pin=U8-2
Added Pin To Net: NetName=+3.3 Pin=U9-2
Added Pin To Net: NetName=+3.3 Pin=XT1-1
Added Pin To Net: NetName=+3.3 Pin=XT1-4
Added Net: Name=+3.3
Added Pin To Net: NetName=+5 Pin=C2-1
Added Pin To Net: NetName=+5 Pin=C21-2
Added Pin To Net: NetName=+5 Pin=C24-1
Added Pin To Net: NetName=+5 Pin=C25-2
Added Pin To Net: NetName=+5 Pin=D1-2
Added Pin To Net: NetName=+5 Pin=P1-2
Added Pin To Net: NetName=+5 Pin=P1-4
Added Pin To Net: NetName=+5 Pin=P2-2
Added Pin To Net: NetName=+5 Pin=U5-3
Added Pin To Net: NetName=+5 Pin=U6-2
Added Net: Name=+5
Added Pin To Net: NetName=GND Pin=C1-2
Added Pin To Net: NetName=GND Pin=C2-2
Added Pin To Net: NetName=GND Pin=C7-1
Added Pin To Net: NetName=GND Pin=C8-1
Added Pin To Net: NetName=GND Pin=C9-2
Added Pin To Net: NetName=GND Pin=C10-2
Added Pin To Net: NetName=GND Pin=C11-2
Added Pin To Net: NetName=GND Pin=C12-1
Added Pin To Net: NetName=GND Pin=C13-1
Added Pin To Net: NetName=GND Pin=C14-1
Added Pin To Net: NetName=GND Pin=C15-2
Added Pin To Net: NetName=GND Pin=C16-1
Added Pin To Net: NetName=GND Pin=C18-1
Added Pin To Net: NetName=GND Pin=C19-2
Added Pin To Net: NetName=GND Pin=C20-2
Added Pin To Net: NetName=GND Pin=C21-1
Added Pin To Net: NetName=GND Pin=C22-1
Added Pin To Net: NetName=GND Pin=C23-2
Added Pin To Net: NetName=GND Pin=C24-2
Added Pin To Net: NetName=GND Pin=C25-1
Added Pin To Net: NetName=GND Pin=C26-1
Added Pin To Net: NetName=GND Pin=C27-2
Added Pin To Net: NetName=GND Pin=C28-2
Added Pin To Net: NetName=GND Pin=C29-2
Added Pin To Net: NetName=GND Pin=C30-2
Added Pin To Net: NetName=GND Pin=C31-2
Added Pin To Net: NetName=GND Pin=C32-2
Added Pin To Net: NetName=GND Pin=C33-2
Added Pin To Net: NetName=GND Pin=C34-2
Added Pin To Net: NetName=GND Pin=C35-2
Added Pin To Net: NetName=GND Pin=C36-2
Added Pin To Net: NetName=GND Pin=C37-1
Added Pin To Net: NetName=GND Pin=C38-1
Added Pin To Net: NetName=GND Pin=C39-1
Added Pin To Net: NetName=GND Pin=C40-1
Added Pin To Net: NetName=GND Pin=C41-2
Added Pin To Net: NetName=GND Pin=C42-2
Added Pin To Net: NetName=GND Pin=C43-1
Added Pin To Net: NetName=GND Pin=D2-1
Added Pin To Net: NetName=GND Pin=D3-1
Added Pin To Net: NetName=GND Pin=D5-1
Added Pin To Net: NetName=GND Pin=J1-1
Added Pin To Net: NetName=GND Pin=J1-1A
Added Pin To Net: NetName=GND Pin=J1-1B
Added Pin To Net: NetName=GND Pin=J2-5
Added Pin To Net: NetName=GND Pin=J2-Shell
Added Pin To Net: NetName=GND Pin=J2-Shell
Added Pin To Net: NetName=GND Pin=J2-Shell
Added Pin To Net: NetName=GND Pin=J2-Shell
Added Pin To Net: NetName=GND Pin=J3-2
Added Pin To Net: NetName=GND Pin=J3-3
Added Pin To Net: NetName=GND Pin=J4-3
Added Pin To Net: NetName=GND Pin=J4-6
Added Pin To Net: NetName=GND Pin=J4-Shield
Added Pin To Net: NetName=GND Pin=J4-Shield
Added Pin To Net: NetName=GND Pin=J4-Shield
Added Pin To Net: NetName=GND Pin=J4-Shield
Added Pin To Net: NetName=GND Pin=P1-6
Added Pin To Net: NetName=GND Pin=P1-9
Added Pin To Net: NetName=GND Pin=P1-14
Added Pin To Net: NetName=GND Pin=P1-20
Added Pin To Net: NetName=GND Pin=P1-25
Added Pin To Net: NetName=GND Pin=P2-3
Added Pin To Net: NetName=GND Pin=R1-2
Added Pin To Net: NetName=GND Pin=R2-2
Added Pin To Net: NetName=GND Pin=R9-1
Added Pin To Net: NetName=GND Pin=R10-1
Added Pin To Net: NetName=GND Pin=SW1-2
Added Pin To Net: NetName=GND Pin=SW2-2
Added Pin To Net: NetName=GND Pin=U1-4
Added Pin To Net: NetName=GND Pin=U1-13
Added Pin To Net: NetName=GND Pin=U1-18
Added Pin To Net: NetName=GND Pin=U1-26
Added Pin To Net: NetName=GND Pin=U1-29
Added Pin To Net: NetName=GND Pin=U2-13
Added Pin To Net: NetName=GND Pin=U2-21
Added Pin To Net: NetName=GND Pin=U2-22
Added Pin To Net: NetName=GND Pin=U4-15
Added Pin To Net: NetName=GND Pin=U5-1
Added Pin To Net: NetName=GND Pin=U6-1
Added Pin To Net: NetName=GND Pin=U7-13
Added Pin To Net: NetName=GND Pin=U7-31
Added Pin To Net: NetName=GND Pin=U7-36
Added Pin To Net: NetName=GND Pin=U7-45
Added Pin To Net: NetName=GND Pin=U7-53
Added Pin To Net: NetName=GND Pin=U7-63
Added Pin To Net: NetName=GND Pin=U7-75
Added Pin To Net: NetName=GND Pin=U7-84
Added Pin To Net: NetName=GND Pin=U7-92
Added Pin To Net: NetName=GND Pin=U8-10
Added Pin To Net: NetName=GND Pin=U9-10
Added Pin To Net: NetName=GND Pin=XT1-2
Added Net: Name=GND
Added Pin To Net: NetName=NetC3_1 Pin=C3-1
Added Pin To Net: NetName=NetC3_1 Pin=C5-1
Added Pin To Net: NetName=NetC3_1 Pin=U1-11
Added Net: Name=NetC3_1
Added Pin To Net: NetName=NetC3_2 Pin=C3-2
Added Pin To Net: NetName=NetC3_2 Pin=R1-1
Added Net: Name=NetC3_2
Added Pin To Net: NetName=NetC4_1 Pin=C4-1
Added Pin To Net: NetName=NetC4_1 Pin=C6-1
Added Pin To Net: NetName=NetC4_1 Pin=U1-12
Added Net: Name=NetC4_1
Added Pin To Net: NetName=NetC4_2 Pin=C4-2
Added Pin To Net: NetName=NetC4_2 Pin=R2-1
Added Net: Name=NetC4_2
Added Pin To Net: NetName=NetC5_2 Pin=C5-2
Added Pin To Net: NetName=NetC5_2 Pin=J1-2
Added Pin To Net: NetName=NetC5_2 Pin=J1-2A
Added Pin To Net: NetName=NetC5_2 Pin=J1-2B
Added Net: Name=NetC5_2
Added Pin To Net: NetName=NetC6_2 Pin=C6-2
Added Pin To Net: NetName=NetC6_2 Pin=J1-4
Added Pin To Net: NetName=NetC6_2 Pin=J1-4A
Added Pin To Net: NetName=NetC6_2 Pin=J1-4B
Added Net: Name=NetC6_2
Added Pin To Net: NetName=NetC9_1 Pin=C9-1
Added Pin To Net: NetName=NetC9_1 Pin=C12-2
Added Pin To Net: NetName=NetC9_1 Pin=U1-20
Added Net: Name=NetC9_1
Added Pin To Net: NetName=NetC10_1 Pin=C10-1
Added Pin To Net: NetName=NetC10_1 Pin=C13-2
Added Pin To Net: NetName=NetC10_1 Pin=U1-25
Added Net: Name=NetC10_1
Added Pin To Net: NetName=NetC11_1 Pin=C11-1
Added Pin To Net: NetName=NetC11_1 Pin=C14-2
Added Pin To Net: NetName=NetC11_1 Pin=U1-19
Added Net: Name=NetC11_1
Added Pin To Net: NetName=NetC17_1 Pin=C17-1
Added Net: Name=NetC17_1
Added Pin To Net: NetName=NetC17_2 Pin=C17-2
Added Net: Name=NetC17_2
Added Pin To Net: NetName=NetC18_2 Pin=C18-2
Added Pin To Net: NetName=NetC18_2 Pin=D1-1
Added Pin To Net: NetName=NetC18_2 Pin=J2-1
Added Pin To Net: NetName=NetC18_2 Pin=U7-51
Added Net: Name=NetC18_2
Added Pin To Net: NetName=NetC27_1 Pin=C27-1
Added Pin To Net: NetName=NetC27_1 Pin=C28-1
Added Pin To Net: NetName=NetC27_1 Pin=C29-1
Added Pin To Net: NetName=NetC27_1 Pin=C30-1
Added Pin To Net: NetName=NetC27_1 Pin=C31-1
Added Pin To Net: NetName=NetC27_1 Pin=C32-1
Added Pin To Net: NetName=NetC27_1 Pin=C33-1
Added Pin To Net: NetName=NetC27_1 Pin=C34-1
Added Pin To Net: NetName=NetC27_1 Pin=C35-1
Added Pin To Net: NetName=NetC27_1 Pin=C36-1
Added Pin To Net: NetName=NetC27_1 Pin=L1-2
Added Pin To Net: NetName=NetC27_1 Pin=U7-14
Added Pin To Net: NetName=NetC27_1 Pin=U7-30
Added Pin To Net: NetName=NetC27_1 Pin=U7-37
Added Pin To Net: NetName=NetC27_1 Pin=U7-46
Added Pin To Net: NetName=NetC27_1 Pin=U7-52
Added Pin To Net: NetName=NetC27_1 Pin=U7-62
Added Pin To Net: NetName=NetC27_1 Pin=U7-74
Added Pin To Net: NetName=NetC27_1 Pin=U7-83
Added Pin To Net: NetName=NetC27_1 Pin=U7-93
Added Net: Name=NetC27_1
Added Pin To Net: NetName=NetD2_2 Pin=D2-2
Added Pin To Net: NetName=NetD2_2 Pin=R6-1
Added Net: Name=NetD2_2
Added Pin To Net: NetName=NetD3_2 Pin=D3-2
Added Pin To Net: NetName=NetD3_2 Pin=R7-1
Added Net: Name=NetD3_2
Added Pin To Net: NetName=NetD4_1 Pin=D4-1
Added Pin To Net: NetName=NetD4_1 Pin=J3-1
Added Net: Name=NetD4_1
Added Pin To Net: NetName=NetD5_2 Pin=D5-2
Added Pin To Net: NetName=NetD5_2 Pin=R8-2
Added Net: Name=NetD5_2
Added Pin To Net: NetName=NetD6_1 Pin=D6-1
Added Pin To Net: NetName=NetD6_1 Pin=R9-2
Added Net: Name=NetD6_1
Added Pin To Net: NetName=NetD6_2 Pin=D6-2
Added Pin To Net: NetName=NetD6_2 Pin=U7-28
Added Net: Name=NetD6_2
Added Pin To Net: NetName=NetD7_1 Pin=D7-1
Added Pin To Net: NetName=NetD7_1 Pin=R10-2
Added Net: Name=NetD7_1
Added Pin To Net: NetName=NetD7_2 Pin=D7-2
Added Pin To Net: NetName=NetD7_2 Pin=U7-29
Added Net: Name=NetD7_2
Added Pin To Net: NetName=NetJ1_3 Pin=J1-3
Added Pin To Net: NetName=NetJ1_3 Pin=J1-3A
Added Pin To Net: NetName=NetJ1_3 Pin=J1-3B
Added Net: Name=NetJ1_3
Added Pin To Net: NetName=NetJ1_5 Pin=J1-5
Added Pin To Net: NetName=NetJ1_5 Pin=J1-5A
Added Pin To Net: NetName=NetJ1_5 Pin=J1-5B
Added Net: Name=NetJ1_5
Added Pin To Net: NetName=NetJ2_2 Pin=J2-2
Added Pin To Net: NetName=NetJ2_2 Pin=U7-54
Added Net: Name=NetJ2_2
Added Pin To Net: NetName=NetJ2_3 Pin=J2-3
Added Pin To Net: NetName=NetJ2_3 Pin=U7-55
Added Net: Name=NetJ2_3
Added Pin To Net: NetName=NetJ2_4 Pin=J2-4
Added Pin To Net: NetName=NetJ2_4 Pin=U7-56
Added Net: Name=NetJ2_4
Added Pin To Net: NetName=NetJ4_1 Pin=J4-1
Added Pin To Net: NetName=NetJ4_1 Pin=R31-1
Added Pin To Net: NetName=NetJ4_1 Pin=U7-2
Added Net: Name=NetJ4_1
Added Pin To Net: NetName=NetJ4_2 Pin=J4-2
Added Pin To Net: NetName=NetJ4_2 Pin=R30-1
Added Pin To Net: NetName=NetJ4_2 Pin=U7-64
Added Net: Name=NetJ4_2
Added Pin To Net: NetName=NetJ4_5 Pin=J4-5
Added Pin To Net: NetName=NetJ4_5 Pin=R29-1
Added Net: Name=NetJ4_5
Added Pin To Net: NetName=NetJ4_7 Pin=J4-7
Added Pin To Net: NetName=NetJ4_7 Pin=R28-1
Added Pin To Net: NetName=NetJ4_7 Pin=U7-65
Added Net: Name=NetJ4_7
Added Pin To Net: NetName=NetP1_11 Pin=P1-11
Added Pin To Net: NetName=NetP1_11 Pin=TP3-1
Added Pin To Net: NetName=NetP1_11 Pin=U7-16
Added Net: Name=NetP1_11
Added Pin To Net: NetName=NetP1_13 Pin=P1-13
Added Pin To Net: NetName=NetP1_13 Pin=TP2-1
Added Pin To Net: NetName=NetP1_13 Pin=U7-88
Added Net: Name=NetP1_13
Added Pin To Net: NetName=NetP1_15 Pin=P1-15
Added Pin To Net: NetName=NetP1_15 Pin=TP1-1
Added Pin To Net: NetName=NetP1_15 Pin=U7-87
Added Net: Name=NetP1_15
Added Pin To Net: NetName=NetP1_19 Pin=P1-19
Added Pin To Net: NetName=NetP1_19 Pin=TP8-1
Added Pin To Net: NetName=NetP1_19 Pin=U7-85
Added Net: Name=NetP1_19
Added Pin To Net: NetName=NetP1_21 Pin=P1-21
Added Pin To Net: NetName=NetP1_21 Pin=TP7-1
Added Pin To Net: NetName=NetP1_21 Pin=U7-86
Added Net: Name=NetP1_21
Added Pin To Net: NetName=NetP1_23 Pin=P1-23
Added Pin To Net: NetName=NetP1_23 Pin=TP6-1
Added Pin To Net: NetName=NetP1_23 Pin=U7-76
Added Net: Name=NetP1_23
Added Pin To Net: NetName=NetP1_24 Pin=P1-24
Added Pin To Net: NetName=NetP1_24 Pin=TP5-1
Added Pin To Net: NetName=NetP1_24 Pin=U7-18
Added Net: Name=NetP1_24
Added Pin To Net: NetName=NetP1_26 Pin=P1-26
Added Pin To Net: NetName=NetP1_26 Pin=TP4-1
Added Pin To Net: NetName=NetP1_26 Pin=U7-19
Added Net: Name=NetP1_26
Added Pin To Net: NetName=NetP2_1 Pin=P2-1
Added Pin To Net: NetName=NetP2_1 Pin=R13-1
Added Pin To Net: NetName=NetP2_1 Pin=R15-1
Added Pin To Net: NetName=NetP2_1 Pin=SW1-1
Added Net: Name=NetP2_1
Added Pin To Net: NetName=NetP2_4 Pin=P2-4
Added Pin To Net: NetName=NetP2_4 Pin=R11-2
Added Net: Name=NetP2_4
Added Pin To Net: NetName=NetP2_5 Pin=P2-5
Added Pin To Net: NetName=NetP2_5 Pin=R12-2
Added Net: Name=NetP2_5
Added Pin To Net: NetName=NetR3_1 Pin=R3-1
Added Pin To Net: NetName=NetR3_1 Pin=U1-28
Added Pin To Net: NetName=NetR3_1 Pin=U7-66
Added Net: Name=NetR3_1
Added Pin To Net: NetName=NetR4_1 Pin=R4-1
Added Pin To Net: NetName=NetR4_1 Pin=U1-27
Added Pin To Net: NetName=NetR4_1 Pin=U7-67
Added Net: Name=NetR4_1
Added Pin To Net: NetName=NetR5_2 Pin=R5-2
Added Net: Name=NetR5_2
Added Pin To Net: NetName=NetR6_2 Pin=R6-2
Added Pin To Net: NetName=NetR6_2 Pin=U2-32
Added Net: Name=NetR6_2
Added Pin To Net: NetName=NetR7_2 Pin=R7-2
Added Pin To Net: NetName=NetR7_2 Pin=U2-31
Added Net: Name=NetR7_2
Added Pin To Net: NetName=NetR11_1 Pin=R11-1
Added Pin To Net: NetName=NetR11_1 Pin=U7-25
Added Net: Name=NetR11_1
Added Pin To Net: NetName=NetR12_1 Pin=R12-1
Added Pin To Net: NetName=NetR12_1 Pin=U7-24
Added Net: Name=NetR12_1
Added Pin To Net: NetName=NetR14_1 Pin=R14-1
Added Pin To Net: NetName=NetR14_1 Pin=SW2-1
Added Pin To Net: NetName=NetR14_1 Pin=U7-71
Added Net: Name=NetR14_1
Added Pin To Net: NetName=NetR15_2 Pin=R15-2
Added Pin To Net: NetName=NetR15_2 Pin=U7-15
Added Net: Name=NetR15_2
Added Pin To Net: NetName=NetR16_1 Pin=R16-1
Added Pin To Net: NetName=NetR16_1 Pin=R22-1
Added Pin To Net: NetName=NetR16_1 Pin=U7-89
Added Net: Name=NetR16_1
Added Pin To Net: NetName=NetR16_2 Pin=R16-2
Added Pin To Net: NetName=NetR16_2 Pin=U8-16
Added Net: Name=NetR16_2
Added Pin To Net: NetName=NetR17_1 Pin=R17-1
Added Pin To Net: NetName=NetR17_1 Pin=U8-7
Added Net: Name=NetR17_1
Added Pin To Net: NetName=NetR17_2 Pin=R17-2
Added Pin To Net: NetName=NetR17_2 Pin=U7-81
Added Net: Name=NetR17_2
Added Pin To Net: NetName=NetR18_1 Pin=R18-1
Added Pin To Net: NetName=NetR18_1 Pin=R24-1
Added Pin To Net: NetName=NetR18_1 Pin=U7-97
Added Net: Name=NetR18_1
Added Pin To Net: NetName=NetR18_2 Pin=R18-2
Added Pin To Net: NetName=NetR18_2 Pin=U8-15
Added Net: Name=NetR18_2
Added Pin To Net: NetName=NetR19_1 Pin=R19-1
Added Pin To Net: NetName=NetR19_1 Pin=U8-9
Added Net: Name=NetR19_1
Added Pin To Net: NetName=NetR19_2 Pin=R19-2
Added Pin To Net: NetName=NetR19_2 Pin=R25-2
Added Pin To Net: NetName=NetR19_2 Pin=U7-95
Added Net: Name=NetR19_2
Added Pin To Net: NetName=NetR20_1 Pin=R20-1
Added Pin To Net: NetName=NetR20_1 Pin=R26-1
Added Pin To Net: NetName=NetR20_1 Pin=U7-96
Added Net: Name=NetR20_1
Added Pin To Net: NetName=NetR20_2 Pin=R20-2
Added Pin To Net: NetName=NetR20_2 Pin=U8-8
Added Net: Name=NetR20_2
Added Pin To Net: NetName=NetR21_1 Pin=R21-1
Added Pin To Net: NetName=NetR21_1 Pin=U8-1
Added Net: Name=NetR21_1
Added Pin To Net: NetName=NetR21_2 Pin=R21-2
Added Pin To Net: NetName=NetR21_2 Pin=R27-2
Added Pin To Net: NetName=NetR21_2 Pin=U7-90
Added Net: Name=NetR21_2
Added Pin To Net: NetName=NetR22_2 Pin=R22-2
Added Pin To Net: NetName=NetR22_2 Pin=U9-16
Added Net: Name=NetR22_2
Added Pin To Net: NetName=NetR23_1 Pin=R23-1
Added Pin To Net: NetName=NetR23_1 Pin=U9-7
Added Net: Name=NetR23_1
Added Pin To Net: NetName=NetR23_2 Pin=R23-2
Added Pin To Net: NetName=NetR23_2 Pin=U7-82
Added Net: Name=NetR23_2
Added Pin To Net: NetName=NetR24_2 Pin=R24-2
Added Pin To Net: NetName=NetR24_2 Pin=U9-15
Added Net: Name=NetR24_2
Added Pin To Net: NetName=NetR25_1 Pin=R25-1
Added Pin To Net: NetName=NetR25_1 Pin=U9-9
Added Net: Name=NetR25_1
Added Pin To Net: NetName=NetR26_2 Pin=R26-2
Added Pin To Net: NetName=NetR26_2 Pin=U9-8
Added Net: Name=NetR26_2
Added Pin To Net: NetName=NetR27_1 Pin=R27-1
Added Pin To Net: NetName=NetR27_1 Pin=U9-1
Added Net: Name=NetR27_1
Added Pin To Net: NetName=NetU1_1 Pin=U1-1
Added Pin To Net: NetName=NetU1_1 Pin=XT1-3
Added Net: Name=NetU1_1
Added Pin To Net: NetName=NetU1_5 Pin=U1-5
Added Pin To Net: NetName=NetU1_5 Pin=U7-43
Added Net: Name=NetU1_5
Added Pin To Net: NetName=NetU1_6 Pin=U1-6
Added Pin To Net: NetName=NetU1_6 Pin=U1-8
Added Pin To Net: NetName=NetU1_6 Pin=U7-77
Added Net: Name=NetU1_6
Added Pin To Net: NetName=NetU1_7 Pin=U1-7
Added Pin To Net: NetName=NetU1_7 Pin=U7-68
Added Net: Name=NetU1_7
Added Pin To Net: NetName=NetU2_1 Pin=U2-1
Added Pin To Net: NetName=NetU2_1 Pin=U7-12
Added Net: Name=NetU2_1
Added Pin To Net: NetName=NetU2_2 Pin=U2-2
Added Pin To Net: NetName=NetU2_2 Pin=U7-11
Added Net: Name=NetU2_2
Added Pin To Net: NetName=NetU2_3 Pin=U2-3
Added Pin To Net: NetName=NetU2_3 Pin=U7-39
Added Net: Name=NetU2_3
Added Pin To Net: NetName=NetU2_4 Pin=U2-4
Added Pin To Net: NetName=NetU2_4 Pin=U7-99
Added Net: Name=NetU2_4
Added Pin To Net: NetName=NetU2_11 Pin=U2-11
Added Pin To Net: NetName=NetU2_11 Pin=U7-79
Added Net: Name=NetU2_11
Added Pin To Net: NetName=NetU2_34 Pin=U2-34
Added Pin To Net: NetName=NetU2_34 Pin=U7-80
Added Net: Name=NetU2_34
Added Pin To Net: NetName=NetU3_7 Pin=U7-20
Added Net: Name=NetU3_7
Added Pin To Net: NetName=NetU4_1 Pin=U4-1
Added Pin To Net: NetName=NetU4_1 Pin=U7-38
Added Net: Name=NetU4_1
Added Pin To Net: NetName=NetU4_3 Pin=U4-3
Added Pin To Net: NetName=NetU4_3 Pin=U7-17
Added Net: Name=NetU4_3
Added Pin To Net: NetName=NetU4_4 Pin=U4-4
Added Pin To Net: NetName=NetU4_4 Pin=U7-41
Added Net: Name=NetU4_4
Added Pin To Net: NetName=NetU4_16 Pin=U4-16
Added Pin To Net: NetName=NetU4_16 Pin=U7-42
Added Net: Name=NetU4_16
Added Pin To Net: NetName=NetU4_17 Pin=U4-17
Added Pin To Net: NetName=NetU4_17 Pin=U7-59
Added Net: Name=NetU4_17
Added Pin To Net: NetName=NetU4_18 Pin=U4-18
Added Pin To Net: NetName=NetU4_18 Pin=U7-60
Added Net: Name=NetU4_18
Added Pin To Net: NetName=NetU4_21 Pin=U4-21
Added Pin To Net: NetName=NetU4_21 Pin=U7-7
Added Net: Name=NetU4_21
Added Pin To Net: NetName=NetU4_22 Pin=U4-22
Added Pin To Net: NetName=NetU4_22 Pin=U7-32
Added Net: Name=NetU4_22
Added Pin To Net: NetName=NetU7_10 Pin=U7-10
Added Net: Name=NetU7_10
Added Pin To Net: NetName=OSCI Pin=C37-2
Added Pin To Net: NetName=OSCI Pin=U7-49
Added Pin To Net: NetName=OSCI Pin=Y1-1
Added Net: Name=OSCI
Added Pin To Net: NetName=OSCO Pin=C38-2
Added Pin To Net: NetName=OSCO Pin=U7-50
Added Pin To Net: NetName=OSCO Pin=Y1-2
Added Net: Name=OSCO
Added Pin To Net: NetName=SOSCI Pin=C40-2
Added Pin To Net: NetName=SOSCI Pin=U7-72
Added Pin To Net: NetName=SOSCI Pin=Y2-2
Added Net: Name=SOSCI
Added Pin To Net: NetName=SOSCO Pin=C39-2
Added Pin To Net: NetName=SOSCO Pin=U7-73
Added Pin To Net: NetName=SOSCO Pin=Y2-1
Added Net: Name=SOSCO
Added Pin To Net: NetName=VCC Pin=C23-1
Added Pin To Net: NetName=VCC Pin=C26-2
Added Pin To Net: NetName=VCC Pin=D4-2
Added Pin To Net: NetName=VCC Pin=U6-3
Added Net: Name=VCC
Added Class: Name=CODEC
Added Class: Name=Communication
Added Class: Name=Decoupling Capacitors
Added Class: Name=LCD
Added Class: Name=MCU
Added Class: Name=Memory Nor Flash
Added Class: Name=SD CARD
Added Room: Name=CODEC
Added Room: Name=Communication
Added Room: Name=Decoupling Capacitors
Added Room: Name=LCD
Added Room: Name=MCU
Added Room: Name=Memory Nor Flash
Added Room: Name=SD CARD
